<?xml version="1.0" encoding="UTF-8"?>
<!-- Generated by org.testng.reporters.JUnitReportReporter -->
<testsuite skipped="0" hostname="Mohamed-Abden" name="tests.BookingTest" tests="1" failures="0" timestamp="20 Oct 2020 13:39:50 GMT" time="45.268" errors="0">
  <testcase name="bookFlight" time="45.268" classname="tests.BookingTest"/>
</testsuite> <!-- tests.BookingTest -->
